width = 1163.57142857
height = 869.142857143
Percentuale area nascosta = 0.15%

Door:{'id': '9ad5346b-2d8f-4832-a62a-48b68ddd075d'}
584 275
Room:
0 0
0 0
0 0
0 0
Door:{'id': '9ad5346b-2d8f-4832-a62a-48b68ddd075a'}
668 275
Room:
0 0
0 0
0 0
0 0
Door:{'id': '9ad5346b-2d8f-4832-a62a-48b68ddd075b'}
733 275
Room:
0 0
0 0
0 0
0 0
Door:{'id': '9ad5346b-2d8f-4832-a62a-48b68ddd075c'}
811 275
Room:
0 0
0 0
0 0
0 0
Door:{'id': '9ad5346b-2d8f-4832-a62a-48b68ddd07c'}
973 275
Room:
0 0
0 0
0 0
0 0
Door:{'id': '9ad5346b-2d8f-4832-a62a-48b68ddd07c'}
1080 275
Room:
0 0
0 0
0 0
0 0
