width = 1163.57142857
height = 869.142857143
Percentuale area nascosta = 0.15%

Door:{'id': '9ad5346b-2d8f-4832-a62a-48b68dd075d'}
162 269
Room:
0 0
0 0
0 0
0 0
Door:{'id': '9ad5346b-2d8f-4832-a62a-48b68ddd075d'}
271 269
Room:
0 0
0 0
0 0
0 0
Door:{'id': '9ad5346b-2d8f-4832-a62a-48b68ddd075a'}
375 269
Room:
0 0
0 0
0 0
0 0
Door:{'id': '9ad5346b-2d8f-4832-a62a-48b68ddd075b'}
491 269
Room:
0 0
0 0
0 0
0 0
Door:{'id': '9ad5346b-2d8f-4832-a62a-48b68ddd075b'}
789 269
Room:
0 0
0 0
0 0
0 0
Door:{'id': '9ad5346b-2d8f-4832-a62a-48b68ddd075c'}
905 269
Room:
0 0
0 0
0 0
0 0
Door:{'id': '9ad5346b-2d8f-4832-a62a-48b68ddd075c'}
983 269
Room:
0 0
0 0
0 0
0 0
Door:{'id': '9ad5346b-2d8f-4832-a62a-48b68ddd075c'}
1092 269
Room:
0 0
0 0
0 0
0 0
